2024-04-28 20:39:47 - Current date: 2024-04-28
2024-04-28 20:39:47 - Processing ticker: NVDA
2024-04-28 20:39:47 - Downloading data for NVDA...
2024-04-28 20:40:03 - Data downloaded and saved for NVDA.
2024-04-28 20:40:03 - Script execution completed.
2024-04-29 09:02:20 - Current date: 2024-04-29
2024-04-29 09:02:20 - Processing ticker: IBRX
2024-04-29 09:02:20 - Downloading data for IBRX...
2024-04-29 09:02:21 - Data downloaded and saved for IBRX.
2024-04-29 09:02:21 - Script execution completed.
2024-04-29 09:02:23 - Current date: 2024-04-29
2024-04-29 09:02:23 - Processing ticker: IBRX
2024-04-29 09:02:23 - Downloading data for IBRX...
2024-04-29 09:02:24 - Data downloaded and saved for IBRX.
2024-04-29 09:02:24 - Script execution completed.
2024-04-29 09:02:33 - Current date: 2024-04-29
2024-04-29 09:02:33 - Processing ticker: IBRX
2024-04-29 09:02:33 - Downloading data for IBRX...
2024-04-29 09:02:33 - Data downloaded and saved for IBRX.
2024-04-29 09:02:33 - Script execution completed.
2024-04-29 09:04:55 - Current date: 2024-04-29
2024-04-29 09:04:55 - Processing ticker: IBRX
2024-04-29 09:04:55 - Downloading data for IBRX...
2024-04-29 09:04:55 - Data downloaded and saved for IBRX.
2024-04-29 09:04:55 - Script execution completed.
