2024-02-12 21:16:22,266 - [INFO] - from org.nd4j.linalg.factory.Nd4jBackend in main
                
Loaded [CpuBackend] backend

2024-02-12 21:16:23,357 - [INFO] - from org.nd4j.nativeblas.NativeOpsHolder in main
                
Number of threads used for linear algebra: 6

2024-02-12 21:16:23,360 - [INFO] - from org.nd4j.linalg.cpu.nativecpu.CpuNDArrayFactory in main
                
Binary level Generic x86 optimization level AVX/AVX2

2024-02-12 21:16:23,368 - [INFO] - from org.nd4j.nativeblas.Nd4jBlas in main
                
Number of threads used for OpenMP BLAS: 6

2024-02-12 21:16:23,373 - [INFO] - from org.nd4j.linalg.api.ops.executioner.DefaultOpExecutioner in main
                
Backend used: [CPU]; OS: [Linux]

2024-02-12 21:16:23,374 - [INFO] - from org.nd4j.linalg.api.ops.executioner.DefaultOpExecutioner in main
                
Cores: [12]; Memory: [1.9GB];

2024-02-12 21:16:23,374 - [INFO] - from org.nd4j.linalg.api.ops.executioner.DefaultOpExecutioner in main
                
Blas vendor: [OPENBLAS]

2024-02-12 21:16:23,384 - [INFO] - from org.nd4j.linalg.cpu.nativecpu.CpuBackend in main
                
Backend build information:
 GCC: "7.5.0"
STD version: 201103L
DEFAULT_ENGINE: samediff::ENGINE_CPU
HAVE_FLATBUFFERS
HAVE_OPENBLAS

2024-02-12 21:16:23,400 - [INFO] - from org.deeplearning4j.nn.conf.NeuralNetConfiguration in main
                
Layer index 4 already exists, layer of type Builder will be replace by layer type DenseLayer

2024-02-12 21:16:23,452 - [INFO] - from org.deeplearning4j.nn.multilayer.MultiLayerNetwork in main
                
Starting MultiLayerNetwork with WorkspaceModes set to [training: ENABLED; inference: ENABLED], cacheMode set to [NONE]

2024-02-12 21:17:16,756 - [INFO] - from org.nd4j.linalg.factory.Nd4jBackend in main
                
Loaded [CpuBackend] backend

2024-02-12 21:17:17,609 - [INFO] - from org.nd4j.nativeblas.NativeOpsHolder in main
                
Number of threads used for linear algebra: 6

2024-02-12 21:17:17,614 - [INFO] - from org.nd4j.linalg.cpu.nativecpu.CpuNDArrayFactory in main
                
Binary level Generic x86 optimization level AVX/AVX2

2024-02-12 21:17:17,624 - [INFO] - from org.nd4j.nativeblas.Nd4jBlas in main
                
Number of threads used for OpenMP BLAS: 6

2024-02-12 21:17:17,631 - [INFO] - from org.nd4j.linalg.api.ops.executioner.DefaultOpExecutioner in main
                
Backend used: [CPU]; OS: [Linux]

2024-02-12 21:17:17,632 - [INFO] - from org.nd4j.linalg.api.ops.executioner.DefaultOpExecutioner in main
                
Cores: [12]; Memory: [1.9GB];

2024-02-12 21:17:17,632 - [INFO] - from org.nd4j.linalg.api.ops.executioner.DefaultOpExecutioner in main
                
Blas vendor: [OPENBLAS]

2024-02-12 21:17:17,637 - [INFO] - from org.nd4j.linalg.cpu.nativecpu.CpuBackend in main
                
Backend build information:
 GCC: "7.5.0"
STD version: 201103L
DEFAULT_ENGINE: samediff::ENGINE_CPU
HAVE_FLATBUFFERS
HAVE_OPENBLAS

2024-02-12 21:17:17,658 - [INFO] - from org.deeplearning4j.nn.conf.NeuralNetConfiguration in main
                
Layer index 4 already exists, layer of type Builder will be replace by layer type DenseLayer

2024-02-12 21:17:17,719 - [INFO] - from org.deeplearning4j.nn.multilayer.MultiLayerNetwork in main
                
Starting MultiLayerNetwork with WorkspaceModes set to [training: ENABLED; inference: ENABLED], cacheMode set to [NONE]

2024-02-12 21:17:37,178 - [INFO] - from org.nd4j.linalg.factory.Nd4jBackend in main
                
Loaded [CpuBackend] backend

2024-02-12 21:17:38,290 - [INFO] - from org.nd4j.nativeblas.NativeOpsHolder in main
                
Number of threads used for linear algebra: 6

2024-02-12 21:17:38,292 - [INFO] - from org.nd4j.linalg.cpu.nativecpu.CpuNDArrayFactory in main
                
Binary level Generic x86 optimization level AVX/AVX2

2024-02-12 21:17:38,299 - [INFO] - from org.nd4j.nativeblas.Nd4jBlas in main
                
Number of threads used for OpenMP BLAS: 6

2024-02-12 21:17:38,305 - [INFO] - from org.nd4j.linalg.api.ops.executioner.DefaultOpExecutioner in main
                
Backend used: [CPU]; OS: [Linux]

2024-02-12 21:17:38,306 - [INFO] - from org.nd4j.linalg.api.ops.executioner.DefaultOpExecutioner in main
                
Cores: [12]; Memory: [1.9GB];

2024-02-12 21:17:38,307 - [INFO] - from org.nd4j.linalg.api.ops.executioner.DefaultOpExecutioner in main
                
Blas vendor: [OPENBLAS]

2024-02-12 21:17:38,317 - [INFO] - from org.nd4j.linalg.cpu.nativecpu.CpuBackend in main
                
Backend build information:
 GCC: "7.5.0"
STD version: 201103L
DEFAULT_ENGINE: samediff::ENGINE_CPU
HAVE_FLATBUFFERS
HAVE_OPENBLAS

2024-02-12 21:17:38,351 - [INFO] - from org.deeplearning4j.nn.conf.NeuralNetConfiguration in main
                
Layer index 4 already exists, layer of type Builder will be replace by layer type DenseLayer

2024-02-12 21:17:38,432 - [INFO] - from org.deeplearning4j.nn.multilayer.MultiLayerNetwork in main
                
Starting MultiLayerNetwork with WorkspaceModes set to [training: ENABLED; inference: ENABLED], cacheMode set to [NONE]

2024-02-12 21:17:38,970 - [INFO] - from org.deeplearning4j.optimize.listeners.ScoreIterationListener in main
                
Score at iteration 0 is 0.03389065764578095

2024-02-12 21:17:41,956 - [INFO] - from org.deeplearning4j.optimize.listeners.ScoreIterationListener in main
                
Score at iteration 100 is 7.4051671936150605

2024-02-12 21:18:35,185 - [INFO] - from org.nd4j.linalg.factory.Nd4jBackend in main
                
Loaded [CpuBackend] backend

2024-02-12 21:18:36,205 - [INFO] - from org.nd4j.nativeblas.NativeOpsHolder in main
                
Number of threads used for linear algebra: 6

2024-02-12 21:18:36,209 - [INFO] - from org.nd4j.linalg.cpu.nativecpu.CpuNDArrayFactory in main
                
Binary level Generic x86 optimization level AVX/AVX2

2024-02-12 21:18:36,225 - [INFO] - from org.nd4j.nativeblas.Nd4jBlas in main
                
Number of threads used for OpenMP BLAS: 6

2024-02-12 21:18:36,239 - [INFO] - from org.nd4j.linalg.api.ops.executioner.DefaultOpExecutioner in main
                
Backend used: [CPU]; OS: [Linux]

2024-02-12 21:18:36,240 - [INFO] - from org.nd4j.linalg.api.ops.executioner.DefaultOpExecutioner in main
                
Cores: [12]; Memory: [1.9GB];

2024-02-12 21:18:36,240 - [INFO] - from org.nd4j.linalg.api.ops.executioner.DefaultOpExecutioner in main
                
Blas vendor: [OPENBLAS]

2024-02-12 21:18:36,252 - [INFO] - from org.nd4j.linalg.cpu.nativecpu.CpuBackend in main
                
Backend build information:
 GCC: "7.5.0"
STD version: 201103L
DEFAULT_ENGINE: samediff::ENGINE_CPU
HAVE_FLATBUFFERS
HAVE_OPENBLAS

2024-02-12 21:18:36,274 - [INFO] - from org.deeplearning4j.nn.conf.NeuralNetConfiguration in main
                
Layer index 4 already exists, layer of type Builder will be replace by layer type DenseLayer

2024-02-12 21:18:36,343 - [INFO] - from org.deeplearning4j.nn.multilayer.MultiLayerNetwork in main
                
Starting MultiLayerNetwork with WorkspaceModes set to [training: ENABLED; inference: ENABLED], cacheMode set to [NONE]

2024-02-12 21:18:36,835 - [INFO] - from org.deeplearning4j.optimize.listeners.ScoreIterationListener in main
                
Score at iteration 0 is 0.03389065764578095

2024-02-12 21:18:40,701 - [INFO] - from org.deeplearning4j.optimize.listeners.ScoreIterationListener in main
                
Score at iteration 100 is 7.4051671936150605

2024-02-12 21:19:31,830 - [INFO] - from org.nd4j.linalg.factory.Nd4jBackend in main
                
Loaded [CpuBackend] backend

2024-02-12 21:19:32,902 - [INFO] - from org.nd4j.nativeblas.NativeOpsHolder in main
                
Number of threads used for linear algebra: 6

2024-02-12 21:19:32,904 - [INFO] - from org.nd4j.linalg.cpu.nativecpu.CpuNDArrayFactory in main
                
Binary level Generic x86 optimization level AVX/AVX2

2024-02-12 21:19:32,918 - [INFO] - from org.nd4j.nativeblas.Nd4jBlas in main
                
Number of threads used for OpenMP BLAS: 6

2024-02-12 21:19:32,938 - [INFO] - from org.nd4j.linalg.api.ops.executioner.DefaultOpExecutioner in main
                
Backend used: [CPU]; OS: [Linux]

2024-02-12 21:19:32,939 - [INFO] - from org.nd4j.linalg.api.ops.executioner.DefaultOpExecutioner in main
                
Cores: [12]; Memory: [1.9GB];

2024-02-12 21:19:32,940 - [INFO] - from org.nd4j.linalg.api.ops.executioner.DefaultOpExecutioner in main
                
Blas vendor: [OPENBLAS]

2024-02-12 21:19:32,945 - [INFO] - from org.nd4j.linalg.cpu.nativecpu.CpuBackend in main
                
Backend build information:
 GCC: "7.5.0"
STD version: 201103L
DEFAULT_ENGINE: samediff::ENGINE_CPU
HAVE_FLATBUFFERS
HAVE_OPENBLAS

2024-02-12 21:19:32,970 - [INFO] - from org.deeplearning4j.nn.conf.NeuralNetConfiguration in main
                
Layer index 4 already exists, layer of type Builder will be replace by layer type DenseLayer

2024-02-12 21:19:33,015 - [INFO] - from org.deeplearning4j.nn.multilayer.MultiLayerNetwork in main
                
Starting MultiLayerNetwork with WorkspaceModes set to [training: ENABLED; inference: ENABLED], cacheMode set to [NONE]

2024-02-12 21:19:33,434 - [INFO] - from org.deeplearning4j.optimize.listeners.ScoreIterationListener in main
                
Score at iteration 0 is 0.03392603645125905

2024-02-12 21:19:39,190 - [INFO] - from org.deeplearning4j.optimize.listeners.ScoreIterationListener in main
                
Score at iteration 100 is 7.166055140759296

